Using pre-set license
Built from '2020.3/staging' branch; Version is '2020.3.11f1 (99c7afb366b3) revision 10078127'; Using compiler version '192528614'; Build Type 'Release'
OS: 'Windows 10 Home; OS build 19041.985; Version 2004; 64bit' Language: 'de' Physical Memory: 32599 MB
BatchMode: 1, IsHumanControllingUs: 0, StartBugReporterOnCrash: 0, Is64bit: 1, IsPro: 0

 COMMAND LINE ARGUMENTS:
D:\Unity\2020.3.11f1\Editor\Unity.exe
-adb2
-batchMode
-noUpm
-name
AssetImportWorker0
-projectPath
D:/Unity/Projects/Visual Novel
-logFile
Logs/AssetImportWorker0.log
-srvPort
61254
Successfully changed project path to: D:/Unity/Projects/Visual Novel
D:/Unity/Projects/Visual Novel
Using Asset Import Pipeline V2.
Refreshing native plugins compatible for Editor in 30.94 ms, found 3 plugins.
Preloading 0 native plugins for Editor in 0.00 ms.
Initialize engine version: 2020.3.11f1 (99c7afb366b3)
[Subsystems] Discovering subsystems at path D:/Unity/2020.3.11f1/Editor/Data/Resources/UnitySubsystems
[Subsystems] Discovering subsystems at path D:/Unity/Projects/Visual Novel/Assets
GfxDevice: creating device client; threaded=0
Direct3D:
    Version:  Direct3D 11.0 [level 11.1]
    Renderer: NVIDIA GeForce RTX 3080 (ID=0x2206)
    Vendor:   
    VRAM:     10078 MB
    Driver:   27.21.14.6647
Initialize mono
Mono path[0] = 'D:/Unity/2020.3.11f1/Editor/Data/Managed'
Mono path[1] = 'D:/Unity/2020.3.11f1/Editor/Data/MonoBleedingEdge/lib/mono/unityjit'
Mono config path = 'D:/Unity/2020.3.11f1/Editor/Data/MonoBleedingEdge/etc'
Using monoOptions --debugger-agent=transport=dt_socket,embedding=1,server=y,suspend=n,address=127.0.0.1:56468
Begin MonoManager ReloadAssembly
Registering precompiled unity dll's ...
Register platform support module: D:/Unity/2020.3.11f1/Editor/Data/PlaybackEngines/WindowsStandaloneSupport/UnityEditor.WindowsStandalone.Extensions.dll
Registered in 0.000712 seconds.
Native extension for WindowsStandalone target not found
Refreshing native plugins compatible for Editor in 32.20 ms, found 3 plugins.
Preloading 0 native plugins for Editor in 0.00 ms.
Mono: successfully reloaded assembly
- Completed reload, in  0.634 seconds
Platform modules already initialized, skipping
Registering precompiled user dll's ...
Registered in 0.001808 seconds.
Begin MonoManager ReloadAssembly
Native extension for WindowsStandalone target not found
Refreshing native plugins compatible for Editor in 32.18 ms, found 3 plugins.
Preloading 0 native plugins for Editor in 0.00 ms.
Ink Library was rebuilt.
UnityEngine.StackTraceUtility:ExtractStackTrace ()
UnityEngine.DebugLogHandler:LogFormat (UnityEngine.LogType,UnityEngine.Object,string,object[])
UnityEngine.Logger:Log (UnityEngine.LogType,object)
UnityEngine.Debug:Log (object)
Ink.UnityIntegration.InkLibrary:Rebuild () (at Assets/Plugins/Ink/Core/Editor/Ink Library/InkLibrary.cs:209)
Ink.UnityIntegration.InkEditorUtils:OnOpenUnityEditor () (at Assets/Plugins/Ink/Core/Editor/InkEditorUtils.cs:59)
Ink.UnityIntegration.InkEditorUtils:.cctor () (at Assets/Plugins/Ink/Core/Editor/InkEditorUtils.cs:47)
System.Runtime.CompilerServices.RuntimeHelpers:RunClassConstructor (System.RuntimeTypeHandle)
UnityEditor.EditorAssemblies:ProcessInitializeOnLoadAttributes (System.Type[])

(Filename: Assets/Plugins/Ink/Core/Editor/Ink Library/InkLibrary.cs Line: 209)

Mono: successfully reloaded assembly
- Completed reload, in  0.819 seconds
Platform modules already initialized, skipping
========================================================================
Worker process is ready to serve import requests
Launched and connected shader compiler UnityShaderCompiler.exe after 0.10 seconds
Refreshing native plugins compatible for Editor in 0.39 ms, found 3 plugins.
Preloading 0 native plugins for Editor in 0.00 ms.
Unloading 2247 Unused Serialized files (Serialized files now loaded: 0)
System memory in use before: 100.3 MB.
System memory in use after: 100.4 MB.

Unloading 29 unused Assets to reduce memory usage. Loaded Objects now: 2701.
Total: 1.740000 ms (FindLiveObjects: 0.190900 ms CreateObjectMapping: 0.077800 ms MarkObjects: 1.425300 ms  DeleteObjects: 0.045300 ms)

========================================================================
Received Import Request.
  path: Assets/InkSettings.asset
  artifactKey: Guid(a127be5a4cfbcdf4cb08a545a907365b) Importer(815301076,1909f56bfc062723c751e8b465ee728b)
Start importing Assets/InkSettings.asset using Guid(a127be5a4cfbcdf4cb08a545a907365b) Importer(815301076,1909f56bfc062723c751e8b465ee728b)  -> (artifact id: 'dfa1ab16526b92d05386e11b9bc4ce19') in 0.022743 seconds
  Import took 0.038222 seconds .

========================================================================
Received Import Request.
  Time since last request: 0.000187 seconds.
  path: Assets/InkLibrary.asset
  artifactKey: Guid(94a98c27e9cc33e43bbcab0bebcb5850) Importer(815301076,1909f56bfc062723c751e8b465ee728b)
Start importing Assets/InkLibrary.asset using Guid(94a98c27e9cc33e43bbcab0bebcb5850) Importer(815301076,1909f56bfc062723c751e8b465ee728b)  -> (artifact id: '59c74f65a4ae02b6644d343be437c1e8') in 0.004793 seconds
  Import took 0.007174 seconds .

========================================================================
Received Import Request.
  Time since last request: 0.000171 seconds.
  path: Assets/story.json
  artifactKey: Guid(30312f7618938184dae25a5322628d53) Importer(815301076,1909f56bfc062723c751e8b465ee728b)
Start importing Assets/story.json using Guid(30312f7618938184dae25a5322628d53) Importer(815301076,1909f56bfc062723c751e8b465ee728b)  -> (artifact id: '7d309a0e52a30022983084890e9376d0') in 0.003406 seconds
  Import took 0.006036 seconds .

AssetImportWorkerClient::OnTransportError - code=2 error=End of file
